<?xml version="1.0" encoding="UTF-8"?>
<!-- Generated by org.testng.reporters.JUnitXMLReporter -->
<testsuite ignored="0" hostname="Trayambkay" failures="1" tests="6" name="Test" time="0.081" errors="0" timestamp="2024-04-02T15:53:59 IST">
  <testcase classname="LearnTestNGExecution.SarC1" name="method1" time="0.011">
    <failure type="java.lang.AssertionError">
      <![CDATA[java.lang.AssertionError
at org.junit.Assert.fail(Assert.java:92)
at org.junit.Assert.fail(Assert.java:100)
at LearnTestNGExecution.SarC1.method1(SarC1.java:11)
at java.base/java.util.ArrayList.forEach(ArrayList.java:1511)
... Removed 27 stack frames]]>
    </failure>
  </testcase> <!-- method1 -->
  <testcase classname="LearnTestNGExecution.SarC1" name="method2" time="0.0">
    <skipped/>
  </testcase> <!-- method2 -->
  <testcase classname="LearnTestNGExecution.SarC2" name="method2" time="0.0">
    <skipped/>
  </testcase> <!-- method2 -->
  <testcase classname="LearnTestNGExecution.SarC2" name="method3" time="0.0">
    <skipped/>
  </testcase> <!-- method3 -->
  <testcase classname="LearnTestNGExecution.SarC3" name="method2" time="0.0">
    <skipped/>
  </testcase> <!-- method2 -->
  <testcase classname="LearnTestNGExecution.SarC3" name="method3" time="0.0">
    <skipped/>
  </testcase> <!-- method3 -->
</testsuite> <!-- Test -->
